<?xml version="1.0" encoding="UTF-8"?>
<testng-results ignored="0" total="1" passed="1" failed="0" skipped="0">
  <reporter-output>
  </reporter-output>
  <suite started-at="2023-09-11T14:12:15 IST" name="Default suite" finished-at="2023-09-11T14:13:44 IST" duration-ms="89945">
    <groups>
    </groups>
    <test started-at="2023-09-11T14:12:15 IST" name="Default test" finished-at="2023-09-11T14:13:44 IST" duration-ms="89945">
      <class name="org.test.testruns.Testscript">
        <test-method is-config="true" signature="initializeDriver()[pri:0, instance:org.test.testruns.Testscript@1a75e76a]" started-at="2023-09-11T14:12:09 IST" name="initializeDriver" finished-at="2023-09-11T14:12:15 IST" duration-ms="5170" status="PASS">
          <reporter-output>
          </reporter-output>
        </test-method> <!-- initializeDriver -->
        <test-method signature="firsttestcase()[pri:0, instance:org.test.testruns.Testscript@1a75e76a]" started-at="2023-09-11T14:12:15 IST" name="firsttestcase" finished-at="2023-09-11T14:13:44 IST" duration-ms="89816" status="PASS">
          <reporter-output>
          </reporter-output>
        </test-method> <!-- firsttestcase -->
      </class> <!-- org.test.testruns.Testscript -->
    </test> <!-- Default test -->
  </suite> <!-- Default suite -->
</testng-results>
